<?xml version="1.0" encoding="UTF-8"?>
<!-- Generated by org.testng.reporters.JUnitXMLReporter -->
<testsuite ignored="0" hostname="Sahil" failures="5" tests="5" name="Amazon Login Regression" time="126.005" errors="0" timestamp="2026-02-22T02:14:29 IST">
  <testcase classname="tests.LoginRegressionTest" name="loginFormRegression" time="19.224">
    <failure type="java.lang.AssertionError" message="Email step not ready (navigation/overlay)">
      <![CDATA[java.lang.AssertionError: Email step not ready (navigation/overlay)
at tests.LoginRegressionTest.fail(LoginRegressionTest.java:164)
at tests.LoginRegressionTest.loginFormRegression(LoginRegressionTest.java:50)
at java.base/java.util.ArrayList.forEach(ArrayList.java:1511)
... Removed 32 stack frames]]>
    </failure>
  </testcase> <!-- loginFormRegression -->
  <testcase classname="tests.LoginRegressionTest" name="loginFormRegression" time="20.801">
    <failure type="java.lang.AssertionError" message="Email step not ready (navigation/overlay)">
      <![CDATA[java.lang.AssertionError: Email step not ready (navigation/overlay)
at tests.LoginRegressionTest.fail(LoginRegressionTest.java:164)
at tests.LoginRegressionTest.loginFormRegression(LoginRegressionTest.java:50)
at java.base/java.util.ArrayList.forEach(ArrayList.java:1511)
... Removed 32 stack frames]]>
    </failure>
  </testcase> <!-- loginFormRegression -->
  <testcase classname="tests.LoginRegressionTest" name="loginFormRegression" time="19.46">
    <failure type="java.lang.AssertionError" message="Email step not ready (navigation/overlay)">
      <![CDATA[java.lang.AssertionError: Email step not ready (navigation/overlay)
at tests.LoginRegressionTest.fail(LoginRegressionTest.java:164)
at tests.LoginRegressionTest.loginFormRegression(LoginRegressionTest.java:50)
at java.base/java.util.ArrayList.forEach(ArrayList.java:1511)
... Removed 32 stack frames]]>
    </failure>
  </testcase> <!-- loginFormRegression -->
  <testcase classname="tests.LoginRegressionTest" name="loginFormRegression" time="18.956">
    <failure type="java.lang.AssertionError" message="Email step not ready (navigation/overlay)">
      <![CDATA[java.lang.AssertionError: Email step not ready (navigation/overlay)
at tests.LoginRegressionTest.fail(LoginRegressionTest.java:164)
at tests.LoginRegressionTest.loginFormRegression(LoginRegressionTest.java:50)
at java.base/java.util.ArrayList.forEach(ArrayList.java:1511)
... Removed 32 stack frames]]>
    </failure>
  </testcase> <!-- loginFormRegression -->
  <testcase classname="tests.LoginRegressionTest" name="loginFormRegression" time="19.222">
    <failure type="java.lang.AssertionError" message="Email step not ready (navigation/overlay)">
      <![CDATA[java.lang.AssertionError: Email step not ready (navigation/overlay)
at tests.LoginRegressionTest.fail(LoginRegressionTest.java:164)
at tests.LoginRegressionTest.loginFormRegression(LoginRegressionTest.java:50)
at java.base/java.util.ArrayList.forEach(ArrayList.java:1511)
... Removed 32 stack frames]]>
    </failure>
  </testcase> <!-- loginFormRegression -->
</testsuite> <!-- Amazon Login Regression -->
